#
# There is insufficient memory for the Java Runtime Environment to continue.
# Native memory allocation (mmap) failed to map 268435456 bytes for G1 virtual space
# Possible reasons:
#   The system is out of physical RAM or swap space
#   The process is running with CompressedOops enabled, and the Java Heap may be blocking the growth of the native heap
# Possible solutions:
#   Reduce memory load on the system
#   Increase physical memory or swap space
#   Check if swap backing store is full
#   Decrease Java heap size (-Xmx/-Xms)
#   Decrease number of Java threads
#   Decrease Java thread stack sizes (-Xss)
#   Set larger code cache with -XX:ReservedCodeCacheSize=
#   JVM is running with Zero Based Compressed Oops mode in which the Java heap is
#     placed in the first 32GB address space. The Java Heap base address is the
#     maximum limit for the native heap growth. Please use -XX:HeapBaseMinAddress
#     to set the Java Heap base and to place the Java Heap above 32GB virtual address.
# This output file may be truncated or incomplete.
#
#  Out of Memory Error (os_windows.cpp:3552), pid=10112, tid=34608
#
# JRE version:  (17.0.9+11) (build )
# Java VM: Java HotSpot(TM) 64-Bit Server VM (17.0.9+11-LTS-201, mixed mode, sharing, tiered, compressed oops, compressed class ptrs, g1 gc, windows-amd64)
# No core dump will be written. Minidumps are not enabled by default on client versions of Windows
#

---------------  S U M M A R Y ------------

Command Line: -XX:+ShowCodeDetailsInExceptionMessages -agentlib:jdwp=transport=dt_socket,suspend=y,address=localhost:63325 -javaagent:C:\Users\asouza\eclipse\java-2023-09\eclipse\configuration\org.eclipse.osgi\252\0\.cp\lib\javaagent-shaded.jar -Dfile.encoding=UTF-8 -Dstdout.encoding=UTF-8 -Dstderr.encoding=UTF-8 firstProject.For

Host: Intel(R) Core(TM) i7-3770 CPU @ 3.40GHz, 8 cores, 15G,  Windows 10 , 64 bit Build 19041 (10.0.19041.2546)
Time: Tue Nov 14 13:58:47 2023 Hora oficial do Brasil elapsed time: 0.016434 seconds (0d 0h 0m 0s)

---------------  T H R E A D  ---------------

Current thread (0x00000261b41a3d00):  JavaThread "Unknown thread" [_thread_in_vm, id=34608, stack(0x0000007a1d100000,0x0000007a1d200000)]

Stack: [0x0000007a1d100000,0x0000007a1d200000]
Native frames: (J=compiled Java code, j=interpreted, Vv=VM code, C=native code)
V  [jvm.dll+0x678a4a]
V  [jvm.dll+0x7d9cfd]
V  [jvm.dll+0x7db60e]
V  [jvm.dll+0x7dbc73]
V  [jvm.dll+0x245e1f]
V  [jvm.dll+0x6758f9]
V  [jvm.dll+0x66a2a2]
V  [jvm.dll+0x303686]
V  [jvm.dll+0x30ac06]
V  [jvm.dll+0x35a48e]
V  [jvm.dll+0x35a6bf]
V  [jvm.dll+0x2da678]
V  [jvm.dll+0x2db5e4]
V  [jvm.dll+0x7ab6b1]
V  [jvm.dll+0x368041]
V  [jvm.dll+0x78a749]
V  [jvm.dll+0x3ebd4f]
V  [jvm.dll+0x3ed7d1]
C  [jli.dll+0x5297]
C  [ucrtbase.dll+0x21bb2]
C  [KERNEL32.DLL+0x17614]
C  [ntdll.dll+0x526a1]


---------------  P R O C E S S  ---------------

Threads class SMR info:
_java_thread_list=0x00007fffc6ee89d8, length=0, elements={
}

Java Threads: ( => current thread )

Other Threads:
  0x00000261b420cff0 GCTaskThread "GC Thread#0" [stack: 0x0000007a1d200000,0x0000007a1d300000] [id=31236]
  0x00000261b421f410 ConcurrentGCThread "G1 Main Marker" [stack: 0x0000007a1d300000,0x0000007a1d400000] [id=3984]
  0x00000261b421fd30 ConcurrentGCThread "G1 Conc#0" [stack: 0x0000007a1d400000,0x0000007a1d500000] [id=15376]

[error occurred during error reporting (printing all threads), id 0xc0000005, EXCEPTION_ACCESS_VIOLATION (0xc0000005) at pc=0x00007fffc671b2d7]

VM state: not at safepoint (not fully initialized)

VM Mutex/Monitor currently owned by a thread:  ([mutex/lock_event])
[0x00000261b419f210] Heap_lock - owner thread: 0x00000261b41a3d00

Heap address: 0x0000000701e00000, size: 4066 MB, Compressed Oops mode: Zero based, Oop shift amount: 3

CDS archive(s) mapped at: [0x0000000000000000-0x0000000000000000-0x0000000000000000), size 0, SharedBaseAddress: 0x0000000800000000, ArchiveRelocationMode: 1.
Narrow klass base: 0x0000000000000000, Narrow klass shift: 0, Narrow klass range: 0x0

GC Precious Log:
<Empty>

Heap:
 garbage-first heap   total 0K, used 0K [0x0000000701e00000, 0x0000000800000000)
  region size 2048K, 0 young (0K), 0 survivors (0K)

[error occurred during error reporting (printing heap information), id 0xc0000005, EXCEPTION_ACCESS_VIOLATION (0xc0000005) at pc=0x00007fffc6b02229]

GC Heap History (0 events):
No events

Deoptimization events (0 events):
No events

Classes unloaded (0 events):
No events

Classes redefined (0 events):
No events

Internal exceptions (0 events):
No events

VM Operations (0 events):
No events

Events (1 events):
Event: 0.010 Loaded shared library C:\Program Files\Java\jdk-17\bin\java.dll


Dynamic libraries:
0x00007ff76c910000 - 0x00007ff76c920000 	C:\Program Files\Java\jdk-17\bin\javaw.exe
0x00007ff826fb0000 - 0x00007ff8271a8000 	C:\Windows\SYSTEM32\ntdll.dll
0x00007ff825ea0000 - 0x00007ff825f5f000 	C:\Windows\System32\KERNEL32.DLL
0x00007ff8246a0000 - 0x00007ff824972000 	C:\Windows\System32\KERNELBASE.dll
0x00007ff824de0000 - 0x00007ff824ee0000 	C:\Windows\System32\ucrtbase.dll
0x00007ff81fa60000 - 0x00007ff81fa79000 	C:\Program Files\Java\jdk-17\bin\jli.dll
0x00007ff815310000 - 0x00007ff81532b000 	C:\Program Files\Java\jdk-17\bin\VCRUNTIME140.dll
0x00007ff825df0000 - 0x00007ff825e9e000 	C:\Windows\System32\ADVAPI32.dll
0x00007ff825a30000 - 0x00007ff825ace000 	C:\Windows\System32\msvcrt.dll
0x00007ff825600000 - 0x00007ff82569c000 	C:\Windows\System32\sechost.dll
0x00007ff826e40000 - 0x00007ff826f65000 	C:\Windows\System32\RPCRT4.dll
0x00007ff8260b0000 - 0x00007ff826251000 	C:\Windows\System32\USER32.dll
0x00007ff809c20000 - 0x00007ff809eba000 	C:\Windows\WinSxS\amd64_microsoft.windows.common-controls_6595b64144ccf1df_6.0.19041.1110_none_60b5254171f9507e\COMCTL32.dll
0x00007ff824bb0000 - 0x00007ff824bd2000 	C:\Windows\System32\win32u.dll
0x00007ff825a00000 - 0x00007ff825a2b000 	C:\Windows\System32\GDI32.dll
0x00007ff824ee0000 - 0x00007ff824fef000 	C:\Windows\System32\gdi32full.dll
0x00007ff824be0000 - 0x00007ff824c7d000 	C:\Windows\System32\msvcp_win.dll
0x00007ff817760000 - 0x00007ff81776a000 	C:\Windows\SYSTEM32\VERSION.dll
0x00007ff825da0000 - 0x00007ff825dd2000 	C:\Windows\System32\IMM32.DLL
0x00007ff820f10000 - 0x00007ff820f1c000 	C:\Program Files\Java\jdk-17\bin\vcruntime140_1.dll
0x00007ff810640000 - 0x00007ff8106ce000 	C:\Program Files\Java\jdk-17\bin\msvcp140.dll
0x00007fffc6430000 - 0x00007fffc7011000 	C:\Program Files\Java\jdk-17\bin\server\jvm.dll
0x00007ff824ff0000 - 0x00007ff824ff8000 	C:\Windows\System32\PSAPI.DLL
0x00007ff81ce90000 - 0x00007ff81ce99000 	C:\Windows\SYSTEM32\WSOCK32.dll
0x00007ff805960000 - 0x00007ff805987000 	C:\Windows\SYSTEM32\WINMM.dll
0x00007ff825b60000 - 0x00007ff825bcb000 	C:\Windows\System32\WS2_32.dll
0x00007ff822540000 - 0x00007ff822552000 	C:\Windows\SYSTEM32\kernel.appcore.dll
0x00007ff813f80000 - 0x00007ff813f8a000 	C:\Program Files\Java\jdk-17\bin\jimage.dll
0x00007ff8154f0000 - 0x00007ff8156d4000 	C:\Windows\SYSTEM32\DBGHELP.DLL
0x00007ff8153f0000 - 0x00007ff815425000 	C:\Windows\SYSTEM32\dbgcore.DLL
0x00007ff824a70000 - 0x00007ff824af2000 	C:\Windows\System32\bcryptPrimitives.dll
0x00007ff813460000 - 0x00007ff81349b000 	C:\Program Files\Java\jdk-17\bin\jdwp.dll
0x00007ff816de0000 - 0x00007ff816dee000 	C:\Program Files\Java\jdk-17\bin\instrument.dll
0x00007ff812a60000 - 0x00007ff812a85000 	C:\Program Files\Java\jdk-17\bin\java.dll

dbghelp: loaded successfully - version: 4.0.5 - missing functions: none
symbol engine: initialized successfully - sym options: 0x614 - pdb path: .;C:\Program Files\Java\jdk-17\bin;C:\Windows\SYSTEM32;C:\Windows\WinSxS\amd64_microsoft.windows.common-controls_6595b64144ccf1df_6.0.19041.1110_none_60b5254171f9507e;C:\Program Files\Java\jdk-17\bin\server

VM Arguments:
jvm_args: -XX:+ShowCodeDetailsInExceptionMessages -agentlib:jdwp=transport=dt_socket,suspend=y,address=localhost:63325 -javaagent:C:\Users\asouza\eclipse\java-2023-09\eclipse\configuration\org.eclipse.osgi\252\0\.cp\lib\javaagent-shaded.jar -Dfile.encoding=UTF-8 -Dstdout.encoding=UTF-8 -Dstderr.encoding=UTF-8 
java_command: firstProject.For
java_class_path (initial): D:\eclipse-workspace\firstProject\bin
Launcher Type: SUN_STANDARD

[Global flags]
     intx CICompilerCount                          = 4                                         {product} {ergonomic}
     uint ConcGCThreads                            = 2                                         {product} {ergonomic}
     uint G1ConcRefinementThreads                  = 8                                         {product} {ergonomic}
   size_t G1HeapRegionSize                         = 2097152                                   {product} {ergonomic}
    uintx GCDrainStackTargetSize                   = 64                                        {product} {ergonomic}
   size_t InitialHeapSize                          = 268435456                                 {product} {ergonomic}
   size_t MarkStackSize                            = 4194304                                   {product} {ergonomic}
   size_t MaxHeapSize                              = 4263510016                                {product} {ergonomic}
   size_t MinHeapDeltaBytes                        = 2097152                                   {product} {ergonomic}
   size_t MinHeapSize                              = 8388608                                   {product} {ergonomic}
    uintx NonNMethodCodeHeapSize                   = 5839372                                {pd product} {ergonomic}
    uintx NonProfiledCodeHeapSize                  = 122909434                              {pd product} {ergonomic}
    uintx ProfiledCodeHeapSize                     = 122909434                              {pd product} {ergonomic}
    uintx ReservedCodeCacheSize                    = 251658240                              {pd product} {ergonomic}
     bool SegmentedCodeCache                       = true                                      {product} {ergonomic}
     bool ShowCodeDetailsInExceptionMessages       = true                                   {manageable} {command line}
   size_t SoftMaxHeapSize                          = 4263510016                             {manageable} {ergonomic}
     bool UseCompressedClassPointers               = true                           {product lp64_product} {ergonomic}
     bool UseCompressedOops                        = true                           {product lp64_product} {ergonomic}
     bool UseG1GC                                  = true                                      {product} {ergonomic}
     bool UseLargePagesIndividualAllocation        = false                                  {pd product} {ergonomic}

Logging:
Log output configuration:
 #0: stdout all=warning uptime,level,tags
 #1: stderr all=off uptime,level,tags

Environment Variables:
JAVA_HOME=C:\Program Files\Java\jdk-11
PATH=C:/Program Files/Java/jdk-17/bin/server;C:/Program Files/Java/jdk-17/bin;C:/Users/asouza/AppData/Local/Temp/eoiC96D.tmp//plugins/org.eclipse.justj.openjdk.hotspot.jre.minimal.stripped.win32.x86_64_17.0.8.v20230831-1047/jre/bin/server;C:/Users/asouza/AppData/Local/Temp/eoiC96D.tmp//plugins/org.eclipse.justj.openjdk.hotspot.jre.minimal.stripped.win32.x86_64_17.0.8.v20230831-1047/jre/bin;C:\Program Files\Google\Chrome\Application;D:\product\dbhomeXE\bin;C:\Program Files\Java\jdk-11\bin;C:\Program Files\Common Files\Oracle\Java\javapath;D:\asouza\product\dbhomeXE\bin;C:\Python311\Scripts\;C:\Python311\;C:\Windows\system32;C:\Windows;C:\Windows\System32\Wbem;C:\Windows\System32\WindowsPowerShell\v1.0\;C:\Windows\System32\OpenSSH\;C:\Program Files\Git\cmd;C:\Program Files\PuTTY\;C:\Users\inst;C:\xampp\php;C:\ProgramData\ComposerSetup\bin;C:\ProgramData\chocolatey\bin;D:\Android\Sdk\emulator;D:\Android\Sdk\tools;D:\Android\Sdk\tools\bin;D:\Android\Sdk\platform-tools;;C:\Program Files\Docker\Docker\resources\bin;C:\Program Files\nodejs\;C:\Users\asouza\AppData\Local\Microsoft\WindowsApps;C:\Users\asouza\AppData\Local\Programs\Microsoft VS Code\bin;C:\Users\Oracle\instantclient_21_9;C:\Users\asouza\AppData\Roaming\Composer\vendor\bin;D:\Android\Sdk\emulator;D:\Android\Sdk\tools;D:\Android\Sdk\tools\bin;D:\Android\Sdk\platform-tools;C:\Users\asouza\AppData\Roaming\npm;C:\Users\asouza\Downloads;;C:\Users\asouza\Downloads;
USERNAME=asouza
OS=Windows_NT
PROCESSOR_IDENTIFIER=Intel64 Family 6 Model 58 Stepping 9, GenuineIntel



---------------  S Y S T E M  ---------------

OS:
 Windows 10 , 64 bit Build 19041 (10.0.19041.2546)
OS uptime: 54 days 0:48 hours
Hyper-V role detected

CPU: total 8 (initial active 8) (4 cores per cpu, 2 threads per core) family 6 model 58 stepping 9 microcode 0x21, cx8, cmov, fxsr, ht, mmx, sse, sse2, sse3, ssse3, sse4.1, sse4.2, popcnt, tsc, tscinvbit, avx, aes, erms, clmul, vzeroupper, clflush, hv

Memory: 4k page, system-wide physical 16259M (1940M free)
TotalPageFile size 48259M (AvailPageFile size 31M)
current process WorkingSet (physical memory assigned to process): 10M, peak: 10M
current process commit charge ("private bytes"): 60M, peak: 316M

vm_info: Java HotSpot(TM) 64-Bit Server VM (17.0.9+11-LTS-201) for windows-amd64 JRE (17.0.9+11-LTS-201), built on Oct 10 2023 23:16:06 by "mach5one" with MS VC++ 17.1 (VS2022)

END.
